[INFO  - 2018-04-08T14:11:28.573Z] GhostDriver - Main - running on port 42850
[INFO  - 2018-04-08T14:11:28.964Z] Session [bb3007c0-3b36-11e8-8954-9d4b1d230b65] - page.settings - {"XSSAuditingEnabled":false,"javascriptCanCloseWindows":true,"javascriptCanOpenWindows":true,"javascriptEnabled":true,"loadImages":true,"localToRemoteUrlAccessEnabled":false,"userAgent":"Mozilla/5.0 (Windows NT 6.2; WOW64) AppleWebKit/538.1 (KHTML, like Gecko) PhantomJS/2.1.1 Safari/538.1","webSecurityEnabled":true}
[INFO  - 2018-04-08T14:11:28.964Z] Session [bb3007c0-3b36-11e8-8954-9d4b1d230b65] - page.customHeaders:  - {}
[INFO  - 2018-04-08T14:11:28.966Z] Session [bb3007c0-3b36-11e8-8954-9d4b1d230b65] - Session.negotiatedCapabilities - {"browserName":"phantomjs","version":"2.1.1","driverName":"ghostdriver","driverVersion":"1.2.0","platform":"windows-10-32bit","javascriptEnabled":true,"takesScreenshot":true,"handlesAlerts":false,"databaseEnabled":false,"locationContextEnabled":false,"applicationCacheEnabled":false,"browserConnectionEnabled":false,"cssSelectorsEnabled":true,"webStorageEnabled":false,"rotatable":false,"acceptSslCerts":false,"nativeEvents":true,"proxy":{"proxyType":"direct"}}
[INFO  - 2018-04-08T14:11:28.967Z] SessionManagerReqHand - _postNewSessionCommand - New Session Created: bb3007c0-3b36-11e8-8954-9d4b1d230b65
[INFO  - 2018-04-08T14:11:30.760Z] ShutdownReqHand - _handle - About to shutdown
[INFO  - 2018-04-08T14:17:20.054Z] GhostDriver - Main - running on port 33501
[INFO  - 2018-04-08T14:17:20.580Z] Session [8cc45fc0-3b37-11e8-83d2-f5a40121e20b] - page.settings - {"XSSAuditingEnabled":false,"javascriptCanCloseWindows":true,"javascriptCanOpenWindows":true,"javascriptEnabled":true,"loadImages":true,"localToRemoteUrlAccessEnabled":false,"userAgent":"Mozilla/5.0 (Windows NT 6.2; WOW64) AppleWebKit/538.1 (KHTML, like Gecko) PhantomJS/2.1.1 Safari/538.1","webSecurityEnabled":true}
[INFO  - 2018-04-08T14:17:20.580Z] Session [8cc45fc0-3b37-11e8-83d2-f5a40121e20b] - page.customHeaders:  - {}
[INFO  - 2018-04-08T14:17:20.581Z] Session [8cc45fc0-3b37-11e8-83d2-f5a40121e20b] - Session.negotiatedCapabilities - {"browserName":"phantomjs","version":"2.1.1","driverName":"ghostdriver","driverVersion":"1.2.0","platform":"windows-10-32bit","javascriptEnabled":true,"takesScreenshot":true,"handlesAlerts":false,"databaseEnabled":false,"locationContextEnabled":false,"applicationCacheEnabled":false,"browserConnectionEnabled":false,"cssSelectorsEnabled":true,"webStorageEnabled":false,"rotatable":false,"acceptSslCerts":false,"nativeEvents":true,"proxy":{"proxyType":"direct"}}
[INFO  - 2018-04-08T14:17:20.581Z] SessionManagerReqHand - _postNewSessionCommand - New Session Created: 8cc45fc0-3b37-11e8-83d2-f5a40121e20b
[INFO  - 2018-04-08T14:17:23.078Z] ShutdownReqHand - _handle - About to shutdown
[INFO  - 2018-04-08T14:21:37.936Z] GhostDriver - Main - running on port 46292
[INFO  - 2018-04-08T14:21:39.035Z] Session [26d17a30-3b38-11e8-9088-ab6814148701] - page.settings - {"XSSAuditingEnabled":false,"javascriptCanCloseWindows":true,"javascriptCanOpenWindows":true,"javascriptEnabled":true,"loadImages":true,"localToRemoteUrlAccessEnabled":false,"userAgent":"Mozilla/5.0 (Windows NT 6.2; WOW64) AppleWebKit/538.1 (KHTML, like Gecko) PhantomJS/2.1.1 Safari/538.1","webSecurityEnabled":true}
[INFO  - 2018-04-08T14:21:39.036Z] Session [26d17a30-3b38-11e8-9088-ab6814148701] - page.customHeaders:  - {}
[INFO  - 2018-04-08T14:21:39.036Z] Session [26d17a30-3b38-11e8-9088-ab6814148701] - Session.negotiatedCapabilities - {"browserName":"phantomjs","version":"2.1.1","driverName":"ghostdriver","driverVersion":"1.2.0","platform":"windows-10-32bit","javascriptEnabled":true,"takesScreenshot":true,"handlesAlerts":false,"databaseEnabled":false,"locationContextEnabled":false,"applicationCacheEnabled":false,"browserConnectionEnabled":false,"cssSelectorsEnabled":true,"webStorageEnabled":false,"rotatable":false,"acceptSslCerts":false,"nativeEvents":true,"proxy":{"proxyType":"direct"}}
[INFO  - 2018-04-08T14:21:39.036Z] SessionManagerReqHand - _postNewSessionCommand - New Session Created: 26d17a30-3b38-11e8-9088-ab6814148701
[INFO  - 2018-04-08T14:21:41.429Z] ShutdownReqHand - _handle - About to shutdown
[INFO  - 2018-04-08T14:25:12.184Z] GhostDriver - Main - running on port 13736
[INFO  - 2018-04-08T14:25:12.901Z] Session [a64ad6d0-3b38-11e8-869b-f5faf85af30d] - page.settings - {"XSSAuditingEnabled":false,"javascriptCanCloseWindows":true,"javascriptCanOpenWindows":true,"javascriptEnabled":true,"loadImages":true,"localToRemoteUrlAccessEnabled":false,"userAgent":"Mozilla/5.0 (Windows NT 6.2; WOW64) AppleWebKit/538.1 (KHTML, like Gecko) PhantomJS/2.1.1 Safari/538.1","webSecurityEnabled":true}
[INFO  - 2018-04-08T14:25:12.901Z] Session [a64ad6d0-3b38-11e8-869b-f5faf85af30d] - page.customHeaders:  - {}
[INFO  - 2018-04-08T14:25:12.901Z] Session [a64ad6d0-3b38-11e8-869b-f5faf85af30d] - Session.negotiatedCapabilities - {"browserName":"phantomjs","version":"2.1.1","driverName":"ghostdriver","driverVersion":"1.2.0","platform":"windows-10-32bit","javascriptEnabled":true,"takesScreenshot":true,"handlesAlerts":false,"databaseEnabled":false,"locationContextEnabled":false,"applicationCacheEnabled":false,"browserConnectionEnabled":false,"cssSelectorsEnabled":true,"webStorageEnabled":false,"rotatable":false,"acceptSslCerts":false,"nativeEvents":true,"proxy":{"proxyType":"direct"}}
[INFO  - 2018-04-08T14:25:12.902Z] SessionManagerReqHand - _postNewSessionCommand - New Session Created: a64ad6d0-3b38-11e8-869b-f5faf85af30d
[INFO  - 2018-04-08T14:25:14.708Z] ShutdownReqHand - _handle - About to shutdown
